<?xml version="1.0" encoding="UTF-8"?>
<!-- Generated by org.testng.reporters.JUnitXMLReporter -->
<testsuite ignored="0" hostname="admin-PC" failures="3" tests="4" name="Surefire test" time="142.601" errors="0" timestamp="2024-06-04T00:50:39 IST">
  <testcase classname="com.mystore.testcases.TC_MyAccountPageTest" name="verifyAccount" time="3.815"/>
  <testcase classname="com.mystore.testcases.TC_MyAccountPageTest" name="verifyRegistartionAndLogin" time="9.202">
    <failure type="junit.framework.AssertionFailedError">
      <![CDATA[junit.framework.AssertionFailedError
at junit.framework.Assert.fail(Assert.java:47)
at junit.framework.Assert.assertTrue(Assert.java:20)
at junit.framework.Assert.assertTrue(Assert.java:27)
at com.mystore.testcases.TC_MyAccountPageTest.verifyRegistartionAndLogin(TC_MyAccountPageTest.java:53)
at java.base/java.util.ArrayList.forEach(ArrayList.java:1511)
... Removed 32 stack frames]]>
    </failure>
  </testcase> <!-- verifyRegistartionAndLogin -->
  <testcase classname="com.mystore.testcases.TC_ProductPageTest" name="FinalOrder" time="8.393">
    <failure type="junit.framework.AssertionFailedError">
      <![CDATA[junit.framework.AssertionFailedError
at junit.framework.Assert.fail(Assert.java:47)
at junit.framework.Assert.assertTrue(Assert.java:20)
at junit.framework.Assert.assertTrue(Assert.java:27)
at com.mystore.testcases.TC_ProductPageTest.FinalOrder(TC_ProductPageTest.java:89)
at java.base/java.util.ArrayList.forEach(ArrayList.java:1511)
... Removed 32 stack frames]]>
    </failure>
  </testcase> <!-- FinalOrder -->
  <testcase classname="com.mystore.testcases.TC_ProductPageTest" name="verifyOrderPlaced" time="3.431">
    <failure type="junit.framework.AssertionFailedError">
      <![CDATA[junit.framework.AssertionFailedError
at junit.framework.Assert.fail(Assert.java:47)
at junit.framework.Assert.assertTrue(Assert.java:20)
at junit.framework.Assert.assertTrue(Assert.java:27)
at com.mystore.testcases.TC_ProductPageTest.verifyOrderPlaced(TC_ProductPageTest.java:42)
at java.base/java.util.ArrayList.forEach(ArrayList.java:1511)
... Removed 32 stack frames]]>
    </failure>
  </testcase> <!-- verifyOrderPlaced -->
</testsuite> <!-- Surefire test -->
