<?xml version="1.0" encoding="UTF-8"?>
<!-- Generated by org.testng.reporters.JUnitXMLReporter -->
<testsuite ignored="0" hostname="admin-PC" failures="0" tests="3" name="Test" time="83.761" errors="0" timestamp="2024-06-04T14:18:13 IST">
  <testcase classname="com.mystore.testcases.TC_MyAccountPageTestDataDriven" name="verifyAccount" time="3.054"/>
  <testcase classname="com.mystore.testcases.TC_MyAccountPageTestDataDriven" name="verifyAccount" time="4.343"/>
  <testcase classname="com.mystore.testcases.TC_MyAccountPageTestDataDriven" name="verifyAccount" time="2.537"/>
</testsuite> <!-- Test -->
