<?xml version="1.0" encoding="UTF-8"?>
<testng-results ignored="0" total="3" passed="3" failed="0" skipped="0">
  <reporter-output>
  </reporter-output>
  <suite started-at="2024-06-04T14:25:38 IST" name="Suite" finished-at="2024-06-04T14:27:01 IST" duration-ms="83553">
    <groups>
    </groups>
    <test started-at="2024-06-04T14:25:38 IST" name="Test" finished-at="2024-06-04T14:27:01 IST" duration-ms="83553">
      <class name="com.mystore.testcases.TC_MyAccountPageTestDataDriven">
        <test-method is-config="true" signature="setup()[pri:0, instance:com.mystore.testcases.TC_MyAccountPageTestDataDriven@1b7cc17c]" started-at="2024-06-04T14:25:40 IST" name="setup" finished-at="2024-06-04T14:26:05 IST" duration-ms="24967" status="PASS">
          <reporter-output>
          </reporter-output>
        </test-method> <!-- setup -->
        <test-method signature="verifyAccount(java.lang.String,java.lang.String,java.lang.String)[pri:0, instance:com.mystore.testcases.TC_MyAccountPageTestDataDriven@1b7cc17c]" started-at="2024-06-04T14:26:05 IST" name="verifyAccount" data-provider="LoginDataProvider" finished-at="2024-06-04T14:26:08 IST" duration-ms="3534" status="PASS">
          <params>
            <param index="0">
              <value>
                <![CDATA[mammu]]>
              </value>
            </param>
            <param index="1">
              <value>
                <![CDATA[mamta123]]>
              </value>
            </param>
            <param index="2">
              <value>
                <![CDATA[Mamta]]>
              </value>
            </param>
          </params>
          <reporter-output>
          </reporter-output>
        </test-method> <!-- verifyAccount -->
        <test-method is-config="true" signature="tearDown()[pri:0, instance:com.mystore.testcases.TC_MyAccountPageTestDataDriven@1b7cc17c]" started-at="2024-06-04T14:26:08 IST" name="tearDown" finished-at="2024-06-04T14:26:09 IST" duration-ms="977" status="PASS">
          <reporter-output>
          </reporter-output>
        </test-method> <!-- tearDown -->
        <test-method is-config="true" signature="setup()[pri:0, instance:com.mystore.testcases.TC_MyAccountPageTestDataDriven@1b7cc17c]" started-at="2024-06-04T14:26:09 IST" name="setup" finished-at="2024-06-04T14:26:37 IST" duration-ms="27507" status="PASS">
          <reporter-output>
          </reporter-output>
        </test-method> <!-- setup -->
        <test-method signature="verifyAccount(java.lang.String,java.lang.String,java.lang.String)[pri:0, instance:com.mystore.testcases.TC_MyAccountPageTestDataDriven@1b7cc17c]" started-at="2024-06-04T14:26:37 IST" name="verifyAccount" data-provider="LoginDataProvider" finished-at="2024-06-04T14:26:40 IST" duration-ms="2875" status="PASS">
          <params>
            <param index="0">
              <value>
                <![CDATA[mammu1]]>
              </value>
            </param>
            <param index="1">
              <value>
                <![CDATA[mamta123]]>
              </value>
            </param>
            <param index="2">
              <value>
                <![CDATA[Mamta]]>
              </value>
            </param>
          </params>
          <reporter-output>
          </reporter-output>
        </test-method> <!-- verifyAccount -->
        <test-method is-config="true" signature="tearDown()[pri:0, instance:com.mystore.testcases.TC_MyAccountPageTestDataDriven@1b7cc17c]" started-at="2024-06-04T14:26:40 IST" name="tearDown" finished-at="2024-06-04T14:26:40 IST" duration-ms="697" status="PASS">
          <reporter-output>
          </reporter-output>
        </test-method> <!-- tearDown -->
        <test-method is-config="true" signature="setup()[pri:0, instance:com.mystore.testcases.TC_MyAccountPageTestDataDriven@1b7cc17c]" started-at="2024-06-04T14:26:40 IST" name="setup" finished-at="2024-06-04T14:26:57 IST" duration-ms="16453" status="PASS">
          <reporter-output>
          </reporter-output>
        </test-method> <!-- setup -->
        <test-method signature="verifyAccount(java.lang.String,java.lang.String,java.lang.String)[pri:0, instance:com.mystore.testcases.TC_MyAccountPageTestDataDriven@1b7cc17c]" started-at="2024-06-04T14:26:57 IST" name="verifyAccount" data-provider="LoginDataProvider" finished-at="2024-06-04T14:27:00 IST" duration-ms="3567" status="PASS">
          <params>
            <param index="0">
              <value>
                <![CDATA[kamal]]>
              </value>
            </param>
            <param index="1">
              <value>
                <![CDATA[kamal123]]>
              </value>
            </param>
            <param index="2">
              <value>
                <![CDATA[kamal]]>
              </value>
            </param>
          </params>
          <reporter-output>
          </reporter-output>
        </test-method> <!-- verifyAccount -->
        <test-method is-config="true" signature="tearDown()[pri:0, instance:com.mystore.testcases.TC_MyAccountPageTestDataDriven@1b7cc17c]" started-at="2024-06-04T14:27:00 IST" name="tearDown" finished-at="2024-06-04T14:27:01 IST" duration-ms="646" status="PASS">
          <reporter-output>
          </reporter-output>
        </test-method> <!-- tearDown -->
      </class> <!-- com.mystore.testcases.TC_MyAccountPageTestDataDriven -->
    </test> <!-- Test -->
  </suite> <!-- Suite -->
</testng-results>
