<?xml version="1.0" encoding="UTF-8"?>
<testng-results ignored="0" total="3" passed="3" failed="0" skipped="0">
  <reporter-output>
  </reporter-output>
  <suite started-at="2024-06-04T14:16:48 IST" name="Suite" finished-at="2024-06-04T14:18:12 IST" duration-ms="83761">
    <groups>
    </groups>
    <test started-at="2024-06-04T14:16:48 IST" name="Test" finished-at="2024-06-04T14:18:12 IST" duration-ms="83761">
      <class name="com.mystore.testcases.TC_MyAccountPageTestDataDriven">
        <test-method is-config="true" signature="setup()[pri:0, instance:com.mystore.testcases.TC_MyAccountPageTestDataDriven@7ce026d3]" started-at="2024-06-04T14:16:51 IST" name="setup" finished-at="2024-06-04T14:17:18 IST" duration-ms="27258" status="PASS">
          <reporter-output>
          </reporter-output>
        </test-method> <!-- setup -->
        <test-method signature="verifyAccount(java.lang.String,java.lang.String,java.lang.String)[pri:0, instance:com.mystore.testcases.TC_MyAccountPageTestDataDriven@7ce026d3]" started-at="2024-06-04T14:17:18 IST" name="verifyAccount" data-provider="LoginDataProvider" finished-at="2024-06-04T14:17:21 IST" duration-ms="3054" status="PASS">
          <params>
            <param index="0">
              <value>
                <![CDATA[mammu]]>
              </value>
            </param>
            <param index="1">
              <value>
                <![CDATA[mamta123]]>
              </value>
            </param>
            <param index="2">
              <value>
                <![CDATA[Mamta]]>
              </value>
            </param>
          </params>
          <reporter-output>
          </reporter-output>
        </test-method> <!-- verifyAccount -->
        <test-method is-config="true" signature="tearDown()[pri:0, instance:com.mystore.testcases.TC_MyAccountPageTestDataDriven@7ce026d3]" started-at="2024-06-04T14:17:21 IST" name="tearDown" finished-at="2024-06-04T14:17:22 IST" duration-ms="766" status="PASS">
          <reporter-output>
          </reporter-output>
        </test-method> <!-- tearDown -->
        <test-method is-config="true" signature="setup()[pri:0, instance:com.mystore.testcases.TC_MyAccountPageTestDataDriven@7ce026d3]" started-at="2024-06-04T14:17:22 IST" name="setup" finished-at="2024-06-04T14:17:43 IST" duration-ms="21177" status="PASS">
          <reporter-output>
          </reporter-output>
        </test-method> <!-- setup -->
        <test-method signature="verifyAccount(java.lang.String,java.lang.String,java.lang.String)[pri:0, instance:com.mystore.testcases.TC_MyAccountPageTestDataDriven@7ce026d3]" started-at="2024-06-04T14:17:43 IST" name="verifyAccount" data-provider="LoginDataProvider" finished-at="2024-06-04T14:17:48 IST" duration-ms="4343" status="PASS">
          <params>
            <param index="0">
              <value>
                <![CDATA[mammu1]]>
              </value>
            </param>
            <param index="1">
              <value>
                <![CDATA[mamta123]]>
              </value>
            </param>
            <param index="2">
              <value>
                <![CDATA[Mamta]]>
              </value>
            </param>
          </params>
          <reporter-output>
          </reporter-output>
        </test-method> <!-- verifyAccount -->
        <test-method is-config="true" signature="tearDown()[pri:0, instance:com.mystore.testcases.TC_MyAccountPageTestDataDriven@7ce026d3]" started-at="2024-06-04T14:17:48 IST" name="tearDown" finished-at="2024-06-04T14:17:48 IST" duration-ms="778" status="PASS">
          <reporter-output>
          </reporter-output>
        </test-method> <!-- tearDown -->
        <test-method is-config="true" signature="setup()[pri:0, instance:com.mystore.testcases.TC_MyAccountPageTestDataDriven@7ce026d3]" started-at="2024-06-04T14:17:48 IST" name="setup" finished-at="2024-06-04T14:18:09 IST" duration-ms="20643" status="PASS">
          <reporter-output>
          </reporter-output>
        </test-method> <!-- setup -->
        <test-method signature="verifyAccount(java.lang.String,java.lang.String,java.lang.String)[pri:0, instance:com.mystore.testcases.TC_MyAccountPageTestDataDriven@7ce026d3]" started-at="2024-06-04T14:18:09 IST" name="verifyAccount" data-provider="LoginDataProvider" finished-at="2024-06-04T14:18:12 IST" duration-ms="2537" status="PASS">
          <params>
            <param index="0">
              <value>
                <![CDATA[kamal]]>
              </value>
            </param>
            <param index="1">
              <value>
                <![CDATA[kamal123]]>
              </value>
            </param>
            <param index="2">
              <value>
                <![CDATA[kamal]]>
              </value>
            </param>
          </params>
          <reporter-output>
          </reporter-output>
        </test-method> <!-- verifyAccount -->
        <test-method is-config="true" signature="tearDown()[pri:0, instance:com.mystore.testcases.TC_MyAccountPageTestDataDriven@7ce026d3]" started-at="2024-06-04T14:18:12 IST" name="tearDown" finished-at="2024-06-04T14:18:12 IST" duration-ms="585" status="PASS">
          <reporter-output>
          </reporter-output>
        </test-method> <!-- tearDown -->
      </class> <!-- com.mystore.testcases.TC_MyAccountPageTestDataDriven -->
    </test> <!-- Test -->
  </suite> <!-- Suite -->
</testng-results>
